<?xml version="1.0" encoding="UTF-8"?>
<testng-results skipped="0" failed="0" ignored="0" total="1" passed="1">
  <reporter-output>
  </reporter-output>
  <suite name="DriverFactory.AppTest" duration-ms="43907" started-at="2020-01-09T12:03:16Z" finished-at="2020-01-09T12:04:00Z">
    <groups>
    </groups>
    <test name="Command line test" duration-ms="43907" started-at="2020-01-09T12:03:16Z" finished-at="2020-01-09T12:04:00Z">
      <class name="DriverFactory.AppTest">
        <test-method status="PASS" signature="startTest()[pri:0, instance:DriverFactory.AppTest@52af6cff]" name="startTest" duration-ms="43845" started-at="2020-01-09T12:03:16Z" finished-at="2020-01-09T12:04:00Z">
          <reporter-output>
          </reporter-output>
        </test-method> <!-- startTest -->
      </class> <!-- DriverFactory.AppTest -->
    </test> <!-- Command line test -->
  </suite> <!-- DriverFactory.AppTest -->
</testng-results>
